app/build/intermediates/manifest_merge_blame_file/debug/manifest-merger-blame-debug-report.txt
1<?xml version="1.0" encoding="utf-8"?>
2<manifest xmlns:android="http://schemas.android.com/apk/res/android"
3    package="com.example.mapapplication"
4    android:versionCode="1"
5    android:versionName="1.0" >
6
7    <uses-sdk
8        android:minSdkVersion="22"
9        android:targetSdkVersion="34" />
10
11    <uses-permission android:name="android.permission.INTERNET" /> <!-- Always include this permission -->
11-->src\main\AndroidManifest.xml:5:5-67
11-->src\main\AndroidManifest.xml:5:22-64
12    <uses-permission android:name="android.permission.ACCESS_COARSE_LOCATION" /> <!-- Include only if your app benefits from precise location access. -->
12-->src\main\AndroidManifest.xml:6:5-81
12-->src\main\AndroidManifest.xml:6:22-78
13    <uses-permission android:name="android.permission.ACCESS_FINE_LOCATION" />
13-->src\main\AndroidManifest.xml:7:5-79
13-->src\main\AndroidManifest.xml:7:22-76
14    <uses-permission android:name="android.permission.VIBRATE" />
14-->src\main\AndroidManifest.xml:8:5-66
14-->src\main\AndroidManifest.xml:8:22-63
15    <uses-permission android:name="android.permission.FOREGROUND_SERVICE" />
15-->src\main\AndroidManifest.xml:9:5-77
15-->src\main\AndroidManifest.xml:9:22-74
16    <uses-permission android:name="android.permission.FOREGROUND_SERVICE_LOCATION" />
16-->src\main\AndroidManifest.xml:10:5-86
16-->src\main\AndroidManifest.xml:10:22-83
17
18    <uses-feature
18-->[org.maplibre.gl:android-sdk:10.2.0] AndroidManifest.xml:7:5-9:35
19        android:glEsVersion="0x00020000"
19-->[org.maplibre.gl:android-sdk:10.2.0] AndroidManifest.xml:8:9-41
20        android:required="true" />
20-->[org.maplibre.gl:android-sdk:10.2.0] AndroidManifest.xml:9:9-32
21    <uses-feature
21-->[org.maplibre.gl:android-sdk:10.2.0] AndroidManifest.xml:10:5-12:36
22        android:name="android.hardware.wifi"
22-->[org.maplibre.gl:android-sdk:10.2.0] AndroidManifest.xml:11:9-45
23        android:required="false" />
23-->[org.maplibre.gl:android-sdk:10.2.0] AndroidManifest.xml:12:9-33
24
25    <uses-permission android:name="android.permission.ACCESS_NETWORK_STATE" />
25-->[org.maplibre.gl:android-sdk:10.2.0] AndroidManifest.xml:15:5-79
25-->[org.maplibre.gl:android-sdk:10.2.0] AndroidManifest.xml:15:22-76
26    <uses-permission android:name="android.permission.ACCESS_WIFI_STATE" />
26-->[org.maplibre.gl:android-sdk:10.2.0] AndroidManifest.xml:16:5-76
26-->[org.maplibre.gl:android-sdk:10.2.0] AndroidManifest.xml:16:22-73
27
28    <permission
28-->[androidx.core:core:1.13.1] AndroidManifest.xml:22:5-24:47
29        android:name="com.example.mapapplication.DYNAMIC_RECEIVER_NOT_EXPORTED_PERMISSION"
29-->[androidx.core:core:1.13.1] AndroidManifest.xml:23:9-81
30        android:protectionLevel="signature" />
30-->[androidx.core:core:1.13.1] AndroidManifest.xml:24:9-44
31
32    <uses-permission android:name="com.example.mapapplication.DYNAMIC_RECEIVER_NOT_EXPORTED_PERMISSION" />
32-->[androidx.core:core:1.13.1] AndroidManifest.xml:26:5-97
32-->[androidx.core:core:1.13.1] AndroidManifest.xml:26:22-94
33
34    <application
34-->src\main\AndroidManifest.xml:12:5-63:19
35        android:name="com.example.mapapplication.MapApplication"
35-->src\main\AndroidManifest.xml:13:9-39
36        android:allowBackup="true"
36-->src\main\AndroidManifest.xml:14:9-35
37        android:appComponentFactory="androidx.core.app.CoreComponentFactory"
37-->[androidx.core:core:1.13.1] AndroidManifest.xml:28:18-86
38        android:dataExtractionRules="@xml/data_extraction_rules"
38-->src\main\AndroidManifest.xml:15:9-65
39        android:debuggable="true"
40        android:extractNativeLibs="true"
41        android:fullBackupContent="@xml/backup_rules"
41-->src\main\AndroidManifest.xml:16:9-54
42        android:icon="@mipmap/ic_launcher"
42-->src\main\AndroidManifest.xml:17:9-43
43        android:label="@string/app_name"
43-->src\main\AndroidManifest.xml:18:9-41
44        android:networkSecurityConfig="@xml/network_security_config"
44-->src\main\AndroidManifest.xml:19:9-69
45        android:roundIcon="@mipmap/ic_launcher_round"
45-->src\main\AndroidManifest.xml:20:9-54
46        android:supportsRtl="true"
46-->src\main\AndroidManifest.xml:21:9-35
47        android:testOnly="true"
48        android:theme="@style/Theme.GenesysMaps"
48-->src\main\AndroidManifest.xml:22:9-49
49        android:usesCleartextTraffic="true" >
49-->src\main\AndroidManifest.xml:23:9-44
50        <activity
50-->src\main\AndroidManifest.xml:25:9-28:39
51            android:name="com.example.mapapplication.activity.RouteActivity"
51-->src\main\AndroidManifest.xml:26:13-51
52            android:exported="true"
52-->src\main\AndroidManifest.xml:28:13-36
53            android:windowSoftInputMode="adjustPan" />
53-->src\main\AndroidManifest.xml:27:13-52
54        <activity
54-->src\main\AndroidManifest.xml:29:9-32:39
55            android:name="com.example.mapapplication.activity.IsochroneActivity"
55-->src\main\AndroidManifest.xml:30:13-55
56            android:exported="true"
56-->src\main\AndroidManifest.xml:32:13-36
57            android:windowSoftInputMode="adjustPan" />
57-->src\main\AndroidManifest.xml:31:13-52
58        <activity
58-->src\main\AndroidManifest.xml:33:9-41:20
59            android:name="com.example.mapapplication.SplashActivity"
59-->src\main\AndroidManifest.xml:34:13-43
60            android:exported="true" >
60-->src\main\AndroidManifest.xml:35:13-36
61            <intent-filter>
61-->src\main\AndroidManifest.xml:36:13-40:29
62                <action android:name="android.intent.action.MAIN" />
62-->src\main\AndroidManifest.xml:37:17-69
62-->src\main\AndroidManifest.xml:37:25-66
63
64                <category android:name="android.intent.category.LAUNCHER" />
64-->src\main\AndroidManifest.xml:39:17-77
64-->src\main\AndroidManifest.xml:39:27-74
65            </intent-filter>
66        </activity>
67        <activity
67-->src\main\AndroidManifest.xml:42:9-45:39
68            android:name="com.example.mapapplication.MainActivity"
68-->src\main\AndroidManifest.xml:43:13-41
69            android:exported="true"
69-->src\main\AndroidManifest.xml:45:13-36
70            android:windowSoftInputMode="adjustPan" />
70-->src\main\AndroidManifest.xml:44:13-52
71        <activity
71-->src\main\AndroidManifest.xml:46:9-50:39
72            android:name="com.example.mapapplication.navigation.TurnNavigationActivity"
72-->src\main\AndroidManifest.xml:47:13-62
73            android:configChanges="orientation|screenSize"
73-->src\main\AndroidManifest.xml:49:13-59
74            android:exported="true"
74-->src\main\AndroidManifest.xml:50:13-36
75            android:windowSoftInputMode="adjustPan" />
75-->src\main\AndroidManifest.xml:48:13-52
76        <activity
76-->src\main\AndroidManifest.xml:51:9-54:39
77            android:name="com.example.mapapplication.navigation.NavigationActivity"
77-->src\main\AndroidManifest.xml:52:13-58
78            android:exported="true"
78-->src\main\AndroidManifest.xml:54:13-36
79            android:windowSoftInputMode="adjustPan" />
79-->src\main\AndroidManifest.xml:53:13-52
80        <activity
80-->src\main\AndroidManifest.xml:56:9-59:39
81            android:name="com.example.mapapplication.activity.FindActivity"
81-->src\main\AndroidManifest.xml:57:13-50
82            android:exported="true"
82-->src\main\AndroidManifest.xml:59:13-36
83            android:windowSoftInputMode="adjustResize" />
83-->src\main\AndroidManifest.xml:58:13-55
84
85        <meta-data
85-->src\main\AndroidManifest.xml:60:9-62:116
86            android:name="com.mapbox.token"
86-->src\main\AndroidManifest.xml:61:13-44
87            android:value="pk.eyJ1Ijoia2dlbiIsImEiOiJjbHl5NjgzbHcxZm15MmpxMng5eXhhd2ljIn0.qUB5JezRc2zJEaG5vv3_8A" />
87-->src\main\AndroidManifest.xml:62:13-114
88
89        <activity android:name="com.mapbox.services.android.navigation.ui.v5.MapboxNavigationActivity" />
89-->[com.github.maplibre.maplibre-navigation-android:libandroid-navigation-ui:3.0.0] AndroidManifest.xml:8:9-106
89-->[com.github.maplibre.maplibre-navigation-android:libandroid-navigation-ui:3.0.0] AndroidManifest.xml:8:19-103
90
91        <service
91-->[com.github.maplibre.maplibre-navigation-android:libandroid-navigation:3.0.0] AndroidManifest.xml:12:9-14:56
92            android:name="com.mapbox.services.android.navigation.v5.navigation.NavigationService"
92-->[com.github.maplibre.maplibre-navigation-android:libandroid-navigation:3.0.0] AndroidManifest.xml:13:13-98
93            android:foregroundServiceType="location" /> <!-- Include the telemetry service to simplify set up (https://www.mapbox.com/telemetry) -->
93-->[com.github.maplibre.maplibre-navigation-android:libandroid-navigation:3.0.0] AndroidManifest.xml:14:13-53
94        <service android:name="com.mapbox.services.android.telemetry.service.TelemetryService" />
94-->[com.github.maplibre.maplibre-navigation-android:libandroid-navigation:3.0.0] AndroidManifest.xml:23:9-98
94-->[com.github.maplibre.maplibre-navigation-android:libandroid-navigation:3.0.0] AndroidManifest.xml:23:18-95
95
96        <provider
96-->[androidx.emoji2:emoji2:1.2.0] AndroidManifest.xml:24:9-32:20
97            android:name="androidx.startup.InitializationProvider"
97-->[androidx.emoji2:emoji2:1.2.0] AndroidManifest.xml:25:13-67
98            android:authorities="com.example.mapapplication.androidx-startup"
98-->[androidx.emoji2:emoji2:1.2.0] AndroidManifest.xml:26:13-68
99            android:exported="false" >
99-->[androidx.emoji2:emoji2:1.2.0] AndroidManifest.xml:27:13-37
100            <meta-data
100-->[androidx.emoji2:emoji2:1.2.0] AndroidManifest.xml:29:13-31:52
101                android:name="androidx.emoji2.text.EmojiCompatInitializer"
101-->[androidx.emoji2:emoji2:1.2.0] AndroidManifest.xml:30:17-75
102                android:value="androidx.startup" />
102-->[androidx.emoji2:emoji2:1.2.0] AndroidManifest.xml:31:17-49
103            <meta-data
103-->[androidx.lifecycle:lifecycle-process:2.7.0] AndroidManifest.xml:29:13-31:52
104                android:name="androidx.lifecycle.ProcessLifecycleInitializer"
104-->[androidx.lifecycle:lifecycle-process:2.7.0] AndroidManifest.xml:30:17-78
105                android:value="androidx.startup" />
105-->[androidx.lifecycle:lifecycle-process:2.7.0] AndroidManifest.xml:31:17-49
106            <meta-data
106-->[androidx.profileinstaller:profileinstaller:1.3.1] AndroidManifest.xml:29:13-31:52
107                android:name="androidx.profileinstaller.ProfileInstallerInitializer"
107-->[androidx.profileinstaller:profileinstaller:1.3.1] AndroidManifest.xml:30:17-85
108                android:value="androidx.startup" />
108-->[androidx.profileinstaller:profileinstaller:1.3.1] AndroidManifest.xml:31:17-49
109        </provider>
110        <provider
110-->[com.squareup.picasso:picasso:2.71828] AndroidManifest.xml:8:9-11:40
111            android:name="com.squareup.picasso.PicassoProvider"
111-->[com.squareup.picasso:picasso:2.71828] AndroidManifest.xml:9:13-64
112            android:authorities="com.example.mapapplication.com.squareup.picasso"
112-->[com.squareup.picasso:picasso:2.71828] AndroidManifest.xml:10:13-72
113            android:exported="false" />
113-->[com.squareup.picasso:picasso:2.71828] AndroidManifest.xml:11:13-37
114
115        <receiver
115-->[androidx.profileinstaller:profileinstaller:1.3.1] AndroidManifest.xml:34:9-52:20
116            android:name="androidx.profileinstaller.ProfileInstallReceiver"
116-->[androidx.profileinstaller:profileinstaller:1.3.1] AndroidManifest.xml:35:13-76
117            android:directBootAware="false"
117-->[androidx.profileinstaller:profileinstaller:1.3.1] AndroidManifest.xml:36:13-44
118            android:enabled="true"
118-->[androidx.profileinstaller:profileinstaller:1.3.1] AndroidManifest.xml:37:13-35
119            android:exported="true"
119-->[androidx.profileinstaller:profileinstaller:1.3.1] AndroidManifest.xml:38:13-36
120            android:permission="android.permission.DUMP" >
120-->[androidx.profileinstaller:profileinstaller:1.3.1] AndroidManifest.xml:39:13-57
121            <intent-filter>
121-->[androidx.profileinstaller:profileinstaller:1.3.1] AndroidManifest.xml:40:13-42:29
122                <action android:name="androidx.profileinstaller.action.INSTALL_PROFILE" />
122-->[androidx.profileinstaller:profileinstaller:1.3.1] AndroidManifest.xml:41:17-91
122-->[androidx.profileinstaller:profileinstaller:1.3.1] AndroidManifest.xml:41:25-88
123            </intent-filter>
124            <intent-filter>
124-->[androidx.profileinstaller:profileinstaller:1.3.1] AndroidManifest.xml:43:13-45:29
125                <action android:name="androidx.profileinstaller.action.SKIP_FILE" />
125-->[androidx.profileinstaller:profileinstaller:1.3.1] AndroidManifest.xml:44:17-85
125-->[androidx.profileinstaller:profileinstaller:1.3.1] AndroidManifest.xml:44:25-82
126            </intent-filter>
127            <intent-filter>
127-->[androidx.profileinstaller:profileinstaller:1.3.1] AndroidManifest.xml:46:13-48:29
128                <action android:name="androidx.profileinstaller.action.SAVE_PROFILE" />
128-->[androidx.profileinstaller:profileinstaller:1.3.1] AndroidManifest.xml:47:17-88
128-->[androidx.profileinstaller:profileinstaller:1.3.1] AndroidManifest.xml:47:25-85
129            </intent-filter>
130            <intent-filter>
130-->[androidx.profileinstaller:profileinstaller:1.3.1] AndroidManifest.xml:49:13-51:29
131                <action android:name="androidx.profileinstaller.action.BENCHMARK_OPERATION" />
131-->[androidx.profileinstaller:profileinstaller:1.3.1] AndroidManifest.xml:50:17-95
131-->[androidx.profileinstaller:profileinstaller:1.3.1] AndroidManifest.xml:50:25-92
132            </intent-filter>
133        </receiver>
134    </application>
135
136</manifest>